[ 2017-04-25T00:16:09+08:00 ] ::1 /preach/home/c=Index?a=test
INFO: [ app_init ] --START--
INFO: Run Behavior\BuildLiteBehavior [ RunTime:0.000032s ]
INFO: [ app_init ] --END-- [ RunTime:0.003823s ]
INFO: [ app_begin ] --START--
INFO: Run Behavior\ReadHtmlCacheBehavior [ RunTime:0.004962s ]
INFO: [ app_begin ] --END-- [ RunTime:0.005137s ]
ERR: 无法加载控制器:C=Index

[ 2017-04-25T00:16:26+08:00 ] ::1 /preach/home/c=Index?a=test
INFO: [ app_init ] --START--
INFO: Run Behavior\BuildLiteBehavior [ RunTime:0.000051s ]
INFO: [ app_init ] --END-- [ RunTime:0.004155s ]
INFO: [ app_begin ] --START--
INFO: Run Behavior\ReadHtmlCacheBehavior [ RunTime:0.004132s ]
INFO: [ app_begin ] --END-- [ RunTime:0.004288s ]
ERR: 无法加载控制器:C=Index

[ 2017-04-25T00:16:29+08:00 ] ::1 /preach/
INFO: [ app_init ] --START--
INFO: Run Behavior\BuildLiteBehavior [ RunTime:0.000016s ]
INFO: [ app_init ] --END-- [ RunTime:0.000377s ]
INFO: [ app_begin ] --START--
INFO: Run Behavior\ReadHtmlCacheBehavior [ RunTime:0.001270s ]
INFO: [ app_begin ] --END-- [ RunTime:0.001416s ]
NOTIC: [2048] Declaration of Home\Controller\IndexController::show() should be compatible with Think\Controller::show($content, $charset = '', $contentType = '', $prefix = '') /Applications/MAMP/htdocs/preach/Application/Home/Controller/IndexController.class.php 第 60 行.
INFO: [ view_parse ] --START--
INFO: [ template_filter ] --START--
INFO: Run Behavior\ContentReplaceBehavior [ RunTime:0.000108s ]
INFO: [ template_filter ] --END-- [ RunTime:0.000184s ]
INFO: Run Behavior\ParseTemplateBehavior [ RunTime:0.021080s ]
INFO: [ view_parse ] --END-- [ RunTime:0.021162s ]
INFO: [ view_filter ] --START--
INFO: Run Behavior\WriteHtmlCacheBehavior [ RunTime:0.000903s ]
INFO: [ view_filter ] --END-- [ RunTime:0.000984s ]
NOTIC: [2] imagedestroy() expects parameter 1 to be resource, null given /Applications/MAMP/htdocs/preach/Application/Home/Controller/IndexController.class.php 第 50 行.
INFO: [ app_end ] --START--
INFO: Run Behavior\ShowPageTraceBehavior [ RunTime:0.004308s ]
INFO: [ app_end ] --END-- [ RunTime:0.004424s ]

[ 2017-04-25T00:16:31+08:00 ] ::1 /preach/index.php/Home/index/test.html
INFO: [ app_init ] --START--
INFO: Run Behavior\BuildLiteBehavior [ RunTime:0.000054s ]
INFO: [ app_init ] --END-- [ RunTime:0.000531s ]
INFO: [ app_begin ] --START--
INFO: Run Behavior\ReadHtmlCacheBehavior [ RunTime:0.000513s ]
INFO: [ app_begin ] --END-- [ RunTime:0.000584s ]
NOTIC: [2048] Declaration of Home\Controller\IndexController::show() should be compatible with Think\Controller::show($content, $charset = '', $contentType = '', $prefix = '') /Applications/MAMP/htdocs/preach/Application/Home/Controller/IndexController.class.php 第 60 行.
INFO: [ view_parse ] --START--
INFO: [ template_filter ] --START--
INFO: Run Behavior\ContentReplaceBehavior [ RunTime:0.000079s ]
INFO: [ template_filter ] --END-- [ RunTime:0.000635s ]
INFO: Run Behavior\ParseTemplateBehavior [ RunTime:0.044928s ]
INFO: [ view_parse ] --END-- [ RunTime:0.045124s ]
INFO: [ view_filter ] --START--
INFO: Run Behavior\WriteHtmlCacheBehavior [ RunTime:0.000187s ]
INFO: [ view_filter ] --END-- [ RunTime:0.000235s ]
INFO: [ app_end ] --START--
INFO: Run Behavior\ShowPageTraceBehavior [ RunTime:0.000854s ]
INFO: [ app_end ] --END-- [ RunTime:0.000970s ]

[ 2017-04-25T00:31:08+08:00 ] ::1 /preach/
INFO: [ app_init ] --START--
INFO: Run Behavior\BuildLiteBehavior [ RunTime:0.000033s ]
INFO: [ app_init ] --END-- [ RunTime:0.004232s ]
INFO: [ app_begin ] --START--
INFO: Run Behavior\ReadHtmlCacheBehavior [ RunTime:0.004239s ]
INFO: [ app_begin ] --END-- [ RunTime:0.004339s ]
NOTIC: [2048] Declaration of Home\Controller\IndexController::show() should be compatible with Think\Controller::show($content, $charset = '', $contentType = '', $prefix = '') /Applications/MAMP/htdocs/preach/Application/Home/Controller/IndexController.class.php 第 60 行.
INFO: [ view_parse ] --START--
INFO: [ template_filter ] --START--
INFO: Run Behavior\ContentReplaceBehavior [ RunTime:0.003315s ]
INFO: [ template_filter ] --END-- [ RunTime:0.003475s ]
INFO: Run Behavior\ParseTemplateBehavior [ RunTime:0.046682s ]
INFO: [ view_parse ] --END-- [ RunTime:0.046859s ]
INFO: [ view_filter ] --START--
INFO: Run Behavior\WriteHtmlCacheBehavior [ RunTime:0.004023s ]
INFO: [ view_filter ] --END-- [ RunTime:0.004163s ]
NOTIC: [2] imagedestroy() expects parameter 1 to be resource, null given /Applications/MAMP/htdocs/preach/Application/Home/Controller/IndexController.class.php 第 50 行.
INFO: [ app_end ] --START--
INFO: Run Behavior\ShowPageTraceBehavior [ RunTime:0.001022s ]
INFO: [ app_end ] --END-- [ RunTime:0.001101s ]

[ 2017-04-25T00:31:33+08:00 ] ::1 /preach/
INFO: [ app_init ] --START--
INFO: Run Behavior\BuildLiteBehavior [ RunTime:0.000026s ]
INFO: [ app_init ] --END-- [ RunTime:0.000583s ]
INFO: [ app_begin ] --START--
INFO: Run Behavior\ReadHtmlCacheBehavior [ RunTime:0.001220s ]
INFO: [ app_begin ] --END-- [ RunTime:0.001353s ]
NOTIC: [2048] Declaration of Home\Controller\IndexController::show() should be compatible with Think\Controller::show($content, $charset = '', $contentType = '', $prefix = '') /Applications/MAMP/htdocs/preach/Application/Home/Controller/IndexController.class.php 第 60 行.
INFO: [ view_parse ] --START--
INFO: [ template_filter ] --START--
INFO: Run Behavior\ContentReplaceBehavior [ RunTime:0.000254s ]
INFO: [ template_filter ] --END-- [ RunTime:0.000402s ]
INFO: Run Behavior\ParseTemplateBehavior [ RunTime:0.022919s ]
INFO: [ view_parse ] --END-- [ RunTime:0.023050s ]
INFO: [ view_filter ] --START--
INFO: Run Behavior\WriteHtmlCacheBehavior [ RunTime:0.000414s ]
INFO: [ view_filter ] --END-- [ RunTime:0.000480s ]
NOTIC: [2] imagedestroy() expects parameter 1 to be resource, null given /Applications/MAMP/htdocs/preach/Application/Home/Controller/IndexController.class.php 第 50 行.
INFO: [ app_end ] --START--
INFO: Run Behavior\ShowPageTraceBehavior [ RunTime:0.000874s ]
INFO: [ app_end ] --END-- [ RunTime:0.001033s ]

[ 2017-04-25T00:43:41+08:00 ] ::1 /preach/
INFO: [ app_init ] --START--
INFO: Run Behavior\BuildLiteBehavior [ RunTime:0.000050s ]
INFO: [ app_init ] --END-- [ RunTime:0.004145s ]
INFO: [ app_begin ] --START--
INFO: Run Behavior\ReadHtmlCacheBehavior [ RunTime:0.004293s ]
INFO: [ app_begin ] --END-- [ RunTime:0.004444s ]
NOTIC: [2048] Declaration of Home\Controller\IndexController::show() should be compatible with Think\Controller::show($content, $charset = '', $contentType = '', $prefix = '') /Applications/MAMP/htdocs/preach/Application/Home/Controller/IndexController.class.php 第 60 行.
INFO: [ view_parse ] --START--
INFO: [ template_filter ] --START--
INFO: Run Behavior\ContentReplaceBehavior [ RunTime:0.000160s ]
INFO: [ template_filter ] --END-- [ RunTime:0.000288s ]
INFO: Run Behavior\ParseTemplateBehavior [ RunTime:0.029049s ]
INFO: [ view_parse ] --END-- [ RunTime:0.029168s ]
INFO: [ view_filter ] --START--
INFO: Run Behavior\WriteHtmlCacheBehavior [ RunTime:0.003556s ]
INFO: [ view_filter ] --END-- [ RunTime:0.003654s ]
NOTIC: [2] imagedestroy() expects parameter 1 to be resource, null given /Applications/MAMP/htdocs/preach/Application/Home/Controller/IndexController.class.php 第 50 行.
INFO: [ app_end ] --START--
INFO: Run Behavior\ShowPageTraceBehavior [ RunTime:0.003753s ]
INFO: [ app_end ] --END-- [ RunTime:0.003858s ]

[ 2017-04-25T00:43:45+08:00 ] ::1 /preach/index.php/Home/index/test.html
INFO: [ app_init ] --START--
INFO: Run Behavior\BuildLiteBehavior [ RunTime:0.000017s ]
INFO: [ app_init ] --END-- [ RunTime:0.000383s ]
INFO: [ app_begin ] --START--
INFO: Run Behavior\ReadHtmlCacheBehavior [ RunTime:0.000658s ]
INFO: [ app_begin ] --END-- [ RunTime:0.000743s ]
NOTIC: [2048] Declaration of Home\Controller\IndexController::show() should be compatible with Think\Controller::show($content, $charset = '', $contentType = '', $prefix = '') /Applications/MAMP/htdocs/preach/Application/Home/Controller/IndexController.class.php 第 60 行.
INFO: [ view_parse ] --START--
INFO: [ template_filter ] --START--
INFO: Run Behavior\ContentReplaceBehavior [ RunTime:0.000079s ]
INFO: [ template_filter ] --END-- [ RunTime:0.000170s ]
INFO: Run Behavior\ParseTemplateBehavior [ RunTime:0.029143s ]
INFO: [ view_parse ] --END-- [ RunTime:0.029289s ]
INFO: [ view_filter ] --START--
INFO: Run Behavior\WriteHtmlCacheBehavior [ RunTime:0.000241s ]
INFO: [ view_filter ] --END-- [ RunTime:0.000323s ]
INFO: [ app_end ] --START--
INFO: Run Behavior\ShowPageTraceBehavior [ RunTime:0.000744s ]
INFO: [ app_end ] --END-- [ RunTime:0.000834s ]

[ 2017-04-25T00:43:52+08:00 ] ::1 /preach/index.php/Home/index/test.html
INFO: [ app_init ] --START--
INFO: Run Behavior\BuildLiteBehavior [ RunTime:0.000056s ]
INFO: [ app_init ] --END-- [ RunTime:0.001506s ]
INFO: [ app_begin ] --START--
INFO: Run Behavior\ReadHtmlCacheBehavior [ RunTime:0.001259s ]
INFO: [ app_begin ] --END-- [ RunTime:0.001414s ]
NOTIC: [2048] Declaration of Home\Controller\IndexController::show() should be compatible with Think\Controller::show($content, $charset = '', $contentType = '', $prefix = '') /Applications/MAMP/htdocs/preach/Application/Home/Controller/IndexController.class.php 第 60 行.
INFO: [ view_parse ] --START--
INFO: [ template_filter ] --START--
INFO: Run Behavior\ContentReplaceBehavior [ RunTime:0.000076s ]
INFO: [ template_filter ] --END-- [ RunTime:0.000145s ]
INFO: Run Behavior\ParseTemplateBehavior [ RunTime:0.007214s ]
INFO: [ view_parse ] --END-- [ RunTime:0.007281s ]
INFO: [ view_filter ] --START--
INFO: Run Behavior\WriteHtmlCacheBehavior [ RunTime:0.000163s ]
INFO: [ view_filter ] --END-- [ RunTime:0.000207s ]
INFO: [ app_end ] --START--
INFO: Run Behavior\ShowPageTraceBehavior [ RunTime:0.000504s ]
INFO: [ app_end ] --END-- [ RunTime:0.000554s ]

[ 2017-04-25T00:43:57+08:00 ] ::1 /preach/index.php/Home/index/test.html
INFO: [ app_init ] --START--
INFO: Run Behavior\BuildLiteBehavior [ RunTime:0.000025s ]
INFO: [ app_init ] --END-- [ RunTime:0.000615s ]
INFO: [ app_begin ] --START--
INFO: Run Behavior\ReadHtmlCacheBehavior [ RunTime:0.001531s ]
INFO: [ app_begin ] --END-- [ RunTime:0.001645s ]
NOTIC: [2048] Declaration of Home\Controller\IndexController::show() should be compatible with Think\Controller::show($content, $charset = '', $contentType = '', $prefix = '') /Applications/MAMP/htdocs/preach/Application/Home/Controller/IndexController.class.php 第 60 行.
INFO: [ view_parse ] --START--
INFO: [ template_filter ] --START--
INFO: Run Behavior\ContentReplaceBehavior [ RunTime:0.000049s ]
INFO: [ template_filter ] --END-- [ RunTime:0.000127s ]
INFO: Run Behavior\ParseTemplateBehavior [ RunTime:0.007793s ]
INFO: [ view_parse ] --END-- [ RunTime:0.007877s ]
INFO: [ view_filter ] --START--
INFO: Run Behavior\WriteHtmlCacheBehavior [ RunTime:0.000153s ]
INFO: [ view_filter ] --END-- [ RunTime:0.000195s ]
INFO: [ app_end ] --START--
INFO: Run Behavior\ShowPageTraceBehavior [ RunTime:0.000543s ]
INFO: [ app_end ] --END-- [ RunTime:0.000596s ]

[ 2017-04-25T00:44:00+08:00 ] ::1 /preach/index.php/Home/index/test.html
INFO: [ app_init ] --START--
INFO: Run Behavior\BuildLiteBehavior [ RunTime:0.000018s ]
INFO: [ app_init ] --END-- [ RunTime:0.000462s ]
INFO: [ app_begin ] --START--
INFO: Run Behavior\ReadHtmlCacheBehavior [ RunTime:0.000611s ]
INFO: [ app_begin ] --END-- [ RunTime:0.000726s ]
NOTIC: [2048] Declaration of Home\Controller\IndexController::show() should be compatible with Think\Controller::show($content, $charset = '', $contentType = '', $prefix = '') /Applications/MAMP/htdocs/preach/Application/Home/Controller/IndexController.class.php 第 60 行.
INFO: [ view_parse ] --START--
INFO: [ template_filter ] --START--
INFO: Run Behavior\ContentReplaceBehavior [ RunTime:0.000045s ]
INFO: [ template_filter ] --END-- [ RunTime:0.000111s ]
INFO: Run Behavior\ParseTemplateBehavior [ RunTime:0.006920s ]
INFO: [ view_parse ] --END-- [ RunTime:0.006987s ]
INFO: [ view_filter ] --START--
INFO: Run Behavior\WriteHtmlCacheBehavior [ RunTime:0.000145s ]
INFO: [ view_filter ] --END-- [ RunTime:0.000189s ]
INFO: [ app_end ] --START--
INFO: Run Behavior\ShowPageTraceBehavior [ RunTime:0.000501s ]
INFO: [ app_end ] --END-- [ RunTime:0.000553s ]

[ 2017-04-25T00:44:03+08:00 ] ::1 /preach/index.php/Home/index/test.html
INFO: [ app_init ] --START--
INFO: Run Behavior\BuildLiteBehavior [ RunTime:0.000026s ]
INFO: [ app_init ] --END-- [ RunTime:0.000667s ]
INFO: [ app_begin ] --START--
INFO: Run Behavior\ReadHtmlCacheBehavior [ RunTime:0.001141s ]
INFO: [ app_begin ] --END-- [ RunTime:0.001302s ]
NOTIC: [2048] Declaration of Home\Controller\IndexController::show() should be compatible with Think\Controller::show($content, $charset = '', $contentType = '', $prefix = '') /Applications/MAMP/htdocs/preach/Application/Home/Controller/IndexController.class.php 第 60 行.
INFO: [ view_parse ] --START--
INFO: [ template_filter ] --START--
INFO: Run Behavior\ContentReplaceBehavior [ RunTime:0.000047s ]
INFO: [ template_filter ] --END-- [ RunTime:0.000116s ]
INFO: Run Behavior\ParseTemplateBehavior [ RunTime:0.006898s ]
INFO: [ view_parse ] --END-- [ RunTime:0.007001s ]
INFO: [ view_filter ] --START--
INFO: Run Behavior\WriteHtmlCacheBehavior [ RunTime:0.000184s ]
INFO: [ view_filter ] --END-- [ RunTime:0.000231s ]
INFO: [ app_end ] --START--
INFO: Run Behavior\ShowPageTraceBehavior [ RunTime:0.000517s ]
INFO: [ app_end ] --END-- [ RunTime:0.000572s ]

[ 2017-04-25T00:44:07+08:00 ] ::1 /preach/index.php/Home/index/test.html
INFO: [ app_init ] --START--
INFO: Run Behavior\BuildLiteBehavior [ RunTime:0.000025s ]
INFO: [ app_init ] --END-- [ RunTime:0.000993s ]
INFO: [ app_begin ] --START--
INFO: Run Behavior\ReadHtmlCacheBehavior [ RunTime:0.000934s ]
INFO: [ app_begin ] --END-- [ RunTime:0.001226s ]
NOTIC: [2048] Declaration of Home\Controller\IndexController::show() should be compatible with Think\Controller::show($content, $charset = '', $contentType = '', $prefix = '') /Applications/MAMP/htdocs/preach/Application/Home/Controller/IndexController.class.php 第 60 行.
INFO: [ view_parse ] --START--
INFO: [ template_filter ] --START--
INFO: Run Behavior\ContentReplaceBehavior [ RunTime:0.000041s ]
INFO: [ template_filter ] --END-- [ RunTime:0.000103s ]
INFO: Run Behavior\ParseTemplateBehavior [ RunTime:0.006535s ]
INFO: [ view_parse ] --END-- [ RunTime:0.006606s ]
INFO: [ view_filter ] --START--
INFO: Run Behavior\WriteHtmlCacheBehavior [ RunTime:0.000148s ]
INFO: [ view_filter ] --END-- [ RunTime:0.000194s ]
INFO: [ app_end ] --START--
INFO: Run Behavior\ShowPageTraceBehavior [ RunTime:0.000571s ]
INFO: [ app_end ] --END-- [ RunTime:0.000629s ]

[ 2017-04-25T00:45:38+08:00 ] ::1 /preach/index.php/Home/index/test.html
INFO: [ app_init ] --START--
INFO: Run Behavior\BuildLiteBehavior [ RunTime:0.000126s ]
INFO: [ app_init ] --END-- [ RunTime:0.003254s ]
INFO: [ app_begin ] --START--
INFO: Run Behavior\ReadHtmlCacheBehavior [ RunTime:0.003742s ]
INFO: [ app_begin ] --END-- [ RunTime:0.003907s ]
NOTIC: [2048] Declaration of Home\Controller\IndexController::show() should be compatible with Think\Controller::show($content, $charset = '', $contentType = '', $prefix = '') /Applications/MAMP/htdocs/preach/Application/Home/Controller/IndexController.class.php 第 60 行.
INFO: [ view_parse ] --START--
INFO: [ template_filter ] --START--
INFO: Run Behavior\ContentReplaceBehavior [ RunTime:0.000148s ]
INFO: [ template_filter ] --END-- [ RunTime:0.000286s ]
INFO: Run Behavior\ParseTemplateBehavior [ RunTime:0.023790s ]
INFO: [ view_parse ] --END-- [ RunTime:0.023952s ]
INFO: [ view_filter ] --START--
INFO: Run Behavior\WriteHtmlCacheBehavior [ RunTime:0.001718s ]
INFO: [ view_filter ] --END-- [ RunTime:0.001859s ]
INFO: [ app_end ] --START--
INFO: Run Behavior\ShowPageTraceBehavior [ RunTime:0.003516s ]
INFO: [ app_end ] --END-- [ RunTime:0.003650s ]

[ 2017-04-25T00:47:12+08:00 ] ::1 /preach/index.php/Home/index/test.html
INFO: [ app_init ] --START--
INFO: Run Behavior\BuildLiteBehavior [ RunTime:0.000040s ]
INFO: [ app_init ] --END-- [ RunTime:0.003946s ]
INFO: [ app_begin ] --START--
INFO: Run Behavior\ReadHtmlCacheBehavior [ RunTime:0.003847s ]
INFO: [ app_begin ] --END-- [ RunTime:0.004044s ]
NOTIC: [2048] Declaration of Home\Controller\IndexController::show() should be compatible with Think\Controller::show($content, $charset = '', $contentType = '', $prefix = '') /Applications/MAMP/htdocs/preach/Application/Home/Controller/IndexController.class.php 第 60 行.
INFO: [ view_parse ] --START--
INFO: [ template_filter ] --START--
INFO: Run Behavior\ContentReplaceBehavior [ RunTime:0.000146s ]
INFO: [ template_filter ] --END-- [ RunTime:0.000275s ]
INFO: Run Behavior\ParseTemplateBehavior [ RunTime:0.031401s ]
INFO: [ view_parse ] --END-- [ RunTime:0.031602s ]
INFO: [ view_filter ] --START--
INFO: Run Behavior\WriteHtmlCacheBehavior [ RunTime:0.001129s ]
INFO: [ view_filter ] --END-- [ RunTime:0.001265s ]
INFO: [ app_end ] --START--
INFO: Run Behavior\ShowPageTraceBehavior [ RunTime:0.006187s ]
INFO: [ app_end ] --END-- [ RunTime:0.007386s ]

[ 2017-04-25T00:47:19+08:00 ] ::1 /preach/index.php/Home/index/test.html
INFO: [ app_init ] --START--
INFO: Run Behavior\BuildLiteBehavior [ RunTime:0.000023s ]
INFO: [ app_init ] --END-- [ RunTime:0.000988s ]
INFO: [ app_begin ] --START--
INFO: Run Behavior\ReadHtmlCacheBehavior [ RunTime:0.000662s ]
INFO: [ app_begin ] --END-- [ RunTime:0.000762s ]
NOTIC: [2048] Declaration of Home\Controller\IndexController::show() should be compatible with Think\Controller::show($content, $charset = '', $contentType = '', $prefix = '') /Applications/MAMP/htdocs/preach/Application/Home/Controller/IndexController.class.php 第 60 行.
INFO: [ view_parse ] --START--
INFO: [ template_filter ] --START--
INFO: Run Behavior\ContentReplaceBehavior [ RunTime:0.000046s ]
INFO: [ template_filter ] --END-- [ RunTime:0.000113s ]
INFO: Run Behavior\ParseTemplateBehavior [ RunTime:0.008341s ]
INFO: [ view_parse ] --END-- [ RunTime:0.008409s ]
INFO: [ view_filter ] --START--
INFO: Run Behavior\WriteHtmlCacheBehavior [ RunTime:0.000150s ]
INFO: [ view_filter ] --END-- [ RunTime:0.000193s ]
INFO: [ app_end ] --START--
INFO: Run Behavior\ShowPageTraceBehavior [ RunTime:0.000491s ]
INFO: [ app_end ] --END-- [ RunTime:0.000547s ]

[ 2017-04-25T00:47:59+08:00 ] ::1 /preach/index.php/Home/index/test.html
INFO: [ app_init ] --START--
INFO: Run Behavior\BuildLiteBehavior [ RunTime:0.000033s ]
INFO: [ app_init ] --END-- [ RunTime:0.003721s ]
INFO: [ app_begin ] --START--
INFO: Run Behavior\ReadHtmlCacheBehavior [ RunTime:0.004375s ]
INFO: [ app_begin ] --END-- [ RunTime:0.004567s ]
NOTIC: [2048] Declaration of Home\Controller\IndexController::show() should be compatible with Think\Controller::show($content, $charset = '', $contentType = '', $prefix = '') /Applications/MAMP/htdocs/preach/Application/Home/Controller/IndexController.class.php 第 62 行.
NOTIC: [2] Cannot modify header information - headers already sent by (output started at /Applications/MAMP/htdocs/preach/Application/Home/Controller/IndexController.class.php:43) /Applications/MAMP/htdocs/preach/Application/Home/Controller/IndexController.class.php 第 32 行.
INFO: [ view_parse ] --START--
INFO: [ template_filter ] --START--
INFO: Run Behavior\ContentReplaceBehavior [ RunTime:0.000050s ]
INFO: [ template_filter ] --END-- [ RunTime:0.000116s ]
INFO: Run Behavior\ParseTemplateBehavior [ RunTime:0.019751s ]
INFO: [ view_parse ] --END-- [ RunTime:0.019830s ]
INFO: [ view_filter ] --START--
INFO: Run Behavior\WriteHtmlCacheBehavior [ RunTime:0.001925s ]
INFO: [ view_filter ] --END-- [ RunTime:0.002011s ]
NOTIC: [2] Cannot modify header information - headers already sent by (output started at /Applications/MAMP/htdocs/preach/Application/Home/Controller/IndexController.class.php:43) /Applications/MAMP/htdocs/preach/ThinkPHP/Library/Think/View.class.php 第 91 行.
NOTIC: [2] Cannot modify header information - headers already sent by (output started at /Applications/MAMP/htdocs/preach/Application/Home/Controller/IndexController.class.php:43) /Applications/MAMP/htdocs/preach/ThinkPHP/Library/Think/View.class.php 第 92 行.
NOTIC: [2] Cannot modify header information - headers already sent by (output started at /Applications/MAMP/htdocs/preach/Application/Home/Controller/IndexController.class.php:43) /Applications/MAMP/htdocs/preach/ThinkPHP/Library/Think/View.class.php 第 93 行.
INFO: [ app_end ] --START--
INFO: Run Behavior\ShowPageTraceBehavior [ RunTime:0.003261s ]
INFO: [ app_end ] --END-- [ RunTime:0.003350s ]

[ 2017-04-25T00:49:50+08:00 ] ::1 /preach/
INFO: [ app_init ] --START--
INFO: Run Behavior\BuildLiteBehavior [ RunTime:0.000031s ]
INFO: [ app_init ] --END-- [ RunTime:0.003858s ]
INFO: [ app_begin ] --START--
INFO: Run Behavior\ReadHtmlCacheBehavior [ RunTime:0.003737s ]
INFO: [ app_begin ] --END-- [ RunTime:0.003819s ]
NOTIC: [2048] Declaration of Home\Controller\IndexController::show() should be compatible with Think\Controller::show($content, $charset = '', $contentType = '', $prefix = '') /Applications/MAMP/htdocs/preach/Application/Home/Controller/IndexController.class.php 第 62 行.
INFO: [ view_parse ] --START--
INFO: [ template_filter ] --START--
INFO: Run Behavior\ContentReplaceBehavior [ RunTime:0.000251s ]
INFO: [ template_filter ] --END-- [ RunTime:0.000349s ]
INFO: Run Behavior\ParseTemplateBehavior [ RunTime:0.031218s ]
INFO: [ view_parse ] --END-- [ RunTime:0.031287s ]
INFO: [ view_filter ] --START--
INFO: Run Behavior\WriteHtmlCacheBehavior [ RunTime:0.001596s ]
INFO: [ view_filter ] --END-- [ RunTime:0.001665s ]
NOTIC: [2] imagedestroy() expects parameter 1 to be resource, null given /Applications/MAMP/htdocs/preach/Application/Home/Controller/IndexController.class.php 第 52 行.
INFO: [ app_end ] --START--
INFO: Run Behavior\ShowPageTraceBehavior [ RunTime:0.002408s ]
INFO: [ app_end ] --END-- [ RunTime:0.002520s ]

[ 2017-04-25T00:49:58+08:00 ] ::1 /preach/index.php/Home/index/test.html
INFO: [ app_init ] --START--
INFO: Run Behavior\BuildLiteBehavior [ RunTime:0.000028s ]
INFO: [ app_init ] --END-- [ RunTime:0.000584s ]
INFO: [ app_begin ] --START--
INFO: Run Behavior\ReadHtmlCacheBehavior [ RunTime:0.001532s ]
INFO: [ app_begin ] --END-- [ RunTime:0.001770s ]
NOTIC: [2048] Declaration of Home\Controller\IndexController::show() should be compatible with Think\Controller::show($content, $charset = '', $contentType = '', $prefix = '') /Applications/MAMP/htdocs/preach/Application/Home/Controller/IndexController.class.php 第 62 行.
NOTIC: [2] Cannot modify header information - headers already sent by (output started at /Applications/MAMP/htdocs/preach/Application/Home/Controller/IndexController.class.php:43) /Applications/MAMP/htdocs/preach/Application/Home/Controller/IndexController.class.php 第 32 行.
INFO: [ view_parse ] --START--
INFO: [ template_filter ] --START--
INFO: Run Behavior\ContentReplaceBehavior [ RunTime:0.000097s ]
INFO: [ template_filter ] --END-- [ RunTime:0.000226s ]
INFO: Run Behavior\ParseTemplateBehavior [ RunTime:0.010202s ]
INFO: [ view_parse ] --END-- [ RunTime:0.010317s ]
INFO: [ view_filter ] --START--
INFO: Run Behavior\WriteHtmlCacheBehavior [ RunTime:0.000450s ]
INFO: [ view_filter ] --END-- [ RunTime:0.000594s ]
NOTIC: [2] Cannot modify header information - headers already sent by (output started at /Applications/MAMP/htdocs/preach/Application/Home/Controller/IndexController.class.php:43) /Applications/MAMP/htdocs/preach/ThinkPHP/Library/Think/View.class.php 第 91 行.
NOTIC: [2] Cannot modify header information - headers already sent by (output started at /Applications/MAMP/htdocs/preach/Application/Home/Controller/IndexController.class.php:43) /Applications/MAMP/htdocs/preach/ThinkPHP/Library/Think/View.class.php 第 92 行.
NOTIC: [2] Cannot modify header information - headers already sent by (output started at /Applications/MAMP/htdocs/preach/Application/Home/Controller/IndexController.class.php:43) /Applications/MAMP/htdocs/preach/ThinkPHP/Library/Think/View.class.php 第 93 行.
INFO: [ app_end ] --START--
INFO: Run Behavior\ShowPageTraceBehavior [ RunTime:0.000675s ]
INFO: [ app_end ] --END-- [ RunTime:0.000746s ]

[ 2017-04-25T00:53:05+08:00 ] ::1 /preach/
INFO: [ app_init ] --START--
INFO: Run Behavior\BuildLiteBehavior [ RunTime:0.000032s ]
INFO: [ app_init ] --END-- [ RunTime:0.003947s ]
INFO: [ app_begin ] --START--
INFO: Run Behavior\ReadHtmlCacheBehavior [ RunTime:0.004234s ]
INFO: [ app_begin ] --END-- [ RunTime:0.004375s ]
NOTIC: [2048] Declaration of Home\Controller\IndexController::show() should be compatible with Think\Controller::show($content, $charset = '', $contentType = '', $prefix = '') /Applications/MAMP/htdocs/preach/Application/Home/Controller/IndexController.class.php 第 62 行.
INFO: [ view_parse ] --START--
INFO: [ template_filter ] --START--
INFO: Run Behavior\ContentReplaceBehavior [ RunTime:0.000192s ]
INFO: [ template_filter ] --END-- [ RunTime:0.000455s ]
INFO: Run Behavior\ParseTemplateBehavior [ RunTime:0.027855s ]
INFO: [ view_parse ] --END-- [ RunTime:0.027979s ]
INFO: [ view_filter ] --START--
INFO: Run Behavior\WriteHtmlCacheBehavior [ RunTime:0.003568s ]
INFO: [ view_filter ] --END-- [ RunTime:0.003688s ]
NOTIC: [2] imagedestroy() expects parameter 1 to be resource, null given /Applications/MAMP/htdocs/preach/Application/Home/Controller/IndexController.class.php 第 52 行.
INFO: [ app_end ] --START--
INFO: Run Behavior\ShowPageTraceBehavior [ RunTime:0.003900s ]
INFO: [ app_end ] --END-- [ RunTime:0.004017s ]

[ 2017-04-25T00:53:19+08:00 ] ::1 /preach/index.php/Home/index/test.html
INFO: [ app_init ] --START--
INFO: Run Behavior\BuildLiteBehavior [ RunTime:0.000015s ]
INFO: [ app_init ] --END-- [ RunTime:0.000356s ]
INFO: [ app_begin ] --START--
INFO: Run Behavior\ReadHtmlCacheBehavior [ RunTime:0.000666s ]
INFO: [ app_begin ] --END-- [ RunTime:0.000744s ]
NOTIC: [2048] Declaration of Home\Controller\IndexController::show() should be compatible with Think\Controller::show($content, $charset = '', $contentType = '', $prefix = '') /Applications/MAMP/htdocs/preach/Application/Home/Controller/IndexController.class.php 第 62 行.
NOTIC: [2] Cannot modify header information - headers already sent by (output started at /Applications/MAMP/htdocs/preach/Application/Home/Controller/IndexController.class.php:43) /Applications/MAMP/htdocs/preach/Application/Home/Controller/IndexController.class.php 第 32 行.
INFO: [ view_parse ] --START--
INFO: [ template_filter ] --START--
INFO: Run Behavior\ContentReplaceBehavior [ RunTime:0.000046s ]
INFO: [ template_filter ] --END-- [ RunTime:0.000112s ]
INFO: Run Behavior\ParseTemplateBehavior [ RunTime:0.015068s ]
INFO: [ view_parse ] --END-- [ RunTime:0.015177s ]
INFO: [ view_filter ] --START--
INFO: Run Behavior\WriteHtmlCacheBehavior [ RunTime:0.000201s ]
INFO: [ view_filter ] --END-- [ RunTime:0.000258s ]
NOTIC: [2] Cannot modify header information - headers already sent by (output started at /Applications/MAMP/htdocs/preach/Application/Home/Controller/IndexController.class.php:43) /Applications/MAMP/htdocs/preach/ThinkPHP/Library/Think/View.class.php 第 91 行.
NOTIC: [2] Cannot modify header information - headers already sent by (output started at /Applications/MAMP/htdocs/preach/Application/Home/Controller/IndexController.class.php:43) /Applications/MAMP/htdocs/preach/ThinkPHP/Library/Think/View.class.php 第 92 行.
NOTIC: [2] Cannot modify header information - headers already sent by (output started at /Applications/MAMP/htdocs/preach/Application/Home/Controller/IndexController.class.php:43) /Applications/MAMP/htdocs/preach/ThinkPHP/Library/Think/View.class.php 第 93 行.
INFO: [ app_end ] --START--
INFO: Run Behavior\ShowPageTraceBehavior [ RunTime:0.000487s ]
INFO: [ app_end ] --END-- [ RunTime:0.000537s ]

[ 2017-04-25T00:53:31+08:00 ] ::1 /preach/index.php/Home/index/test.html
INFO: [ app_init ] --START--
INFO: Run Behavior\BuildLiteBehavior [ RunTime:0.000013s ]
INFO: [ app_init ] --END-- [ RunTime:0.000332s ]
INFO: [ app_begin ] --START--
INFO: Run Behavior\ReadHtmlCacheBehavior [ RunTime:0.000558s ]
INFO: [ app_begin ] --END-- [ RunTime:0.000616s ]
NOTIC: [2048] Declaration of Home\Controller\IndexController::show() should be compatible with Think\Controller::show($content, $charset = '', $contentType = '', $prefix = '') /Applications/MAMP/htdocs/preach/Application/Home/Controller/IndexController.class.php 第 62 行.
NOTIC: [2] Cannot modify header information - headers already sent by (output started at /Applications/MAMP/htdocs/preach/Application/Home/Controller/IndexController.class.php:43) /Applications/MAMP/htdocs/preach/Application/Home/Controller/IndexController.class.php 第 32 行.
INFO: [ view_parse ] --START--
INFO: [ template_filter ] --START--
INFO: Run Behavior\ContentReplaceBehavior [ RunTime:0.000042s ]
INFO: [ template_filter ] --END-- [ RunTime:0.000119s ]
INFO: Run Behavior\ParseTemplateBehavior [ RunTime:0.007508s ]
INFO: [ view_parse ] --END-- [ RunTime:0.007601s ]
INFO: [ view_filter ] --START--
INFO: Run Behavior\WriteHtmlCacheBehavior [ RunTime:0.000159s ]
INFO: [ view_filter ] --END-- [ RunTime:0.000208s ]
NOTIC: [2] Cannot modify header information - headers already sent by (output started at /Applications/MAMP/htdocs/preach/Application/Home/Controller/IndexController.class.php:43) /Applications/MAMP/htdocs/preach/ThinkPHP/Library/Think/View.class.php 第 91 行.
NOTIC: [2] Cannot modify header information - headers already sent by (output started at /Applications/MAMP/htdocs/preach/Application/Home/Controller/IndexController.class.php:43) /Applications/MAMP/htdocs/preach/ThinkPHP/Library/Think/View.class.php 第 92 行.
NOTIC: [2] Cannot modify header information - headers already sent by (output started at /Applications/MAMP/htdocs/preach/Application/Home/Controller/IndexController.class.php:43) /Applications/MAMP/htdocs/preach/ThinkPHP/Library/Think/View.class.php 第 93 行.
INFO: [ app_end ] --START--
INFO: Run Behavior\ShowPageTraceBehavior [ RunTime:0.000583s ]
INFO: [ app_end ] --END-- [ RunTime:0.000636s ]

[ 2017-04-25T00:54:26+08:00 ] ::1 /preach/index.php/Home/index/test.html
INFO: [ app_init ] --START--
INFO: Run Behavior\BuildLiteBehavior [ RunTime:0.000014s ]
INFO: [ app_init ] --END-- [ RunTime:0.000452s ]
INFO: [ app_begin ] --START--
INFO: Run Behavior\ReadHtmlCacheBehavior [ RunTime:0.000705s ]
INFO: [ app_begin ] --END-- [ RunTime:0.000781s ]
NOTIC: [2048] Declaration of Home\Controller\IndexController::show() should be compatible with Think\Controller::show($content, $charset = '', $contentType = '', $prefix = '') /Applications/MAMP/htdocs/preach/Application/Home/Controller/IndexController.class.php 第 62 行.
NOTIC: [2] Cannot modify header information - headers already sent by (output started at /Applications/MAMP/htdocs/preach/Application/Home/Controller/IndexController.class.php:43) /Applications/MAMP/htdocs/preach/Application/Home/Controller/IndexController.class.php 第 32 行.
INFO: [ view_parse ] --START--
INFO: [ template_filter ] --START--
INFO: Run Behavior\ContentReplaceBehavior [ RunTime:0.000047s ]
INFO: [ template_filter ] --END-- [ RunTime:0.000121s ]
INFO: Run Behavior\ParseTemplateBehavior [ RunTime:0.010922s ]
INFO: [ view_parse ] --END-- [ RunTime:0.011047s ]
INFO: [ view_filter ] --START--
INFO: Run Behavior\WriteHtmlCacheBehavior [ RunTime:0.000269s ]
INFO: [ view_filter ] --END-- [ RunTime:0.000348s ]
NOTIC: [2] Cannot modify header information - headers already sent by (output started at /Applications/MAMP/htdocs/preach/Application/Home/Controller/IndexController.class.php:43) /Applications/MAMP/htdocs/preach/ThinkPHP/Library/Think/View.class.php 第 91 行.
NOTIC: [2] Cannot modify header information - headers already sent by (output started at /Applications/MAMP/htdocs/preach/Application/Home/Controller/IndexController.class.php:43) /Applications/MAMP/htdocs/preach/ThinkPHP/Library/Think/View.class.php 第 92 行.
NOTIC: [2] Cannot modify header information - headers already sent by (output started at /Applications/MAMP/htdocs/preach/Application/Home/Controller/IndexController.class.php:43) /Applications/MAMP/htdocs/preach/ThinkPHP/Library/Think/View.class.php 第 93 行.
INFO: [ app_end ] --START--
INFO: Run Behavior\ShowPageTraceBehavior [ RunTime:0.000792s ]
INFO: [ app_end ] --END-- [ RunTime:0.000880s ]

[ 2017-04-25T00:54:51+08:00 ] ::1 /preach/index.php/Home/index/test.html
INFO: [ app_init ] --START--
INFO: Run Behavior\BuildLiteBehavior [ RunTime:0.000032s ]
INFO: [ app_init ] --END-- [ RunTime:0.003831s ]
INFO: [ app_begin ] --START--
INFO: Run Behavior\ReadHtmlCacheBehavior [ RunTime:0.004127s ]
INFO: [ app_begin ] --END-- [ RunTime:0.004273s ]
NOTIC: [2048] Declaration of Home\Controller\IndexController::show() should be compatible with Think\Controller::show($content, $charset = '', $contentType = '', $prefix = '') /Applications/MAMP/htdocs/preach/Application/Home/Controller/IndexController.class.php 第 62 行.
NOTIC: [2] Cannot modify header information - headers already sent by (output started at /Applications/MAMP/htdocs/preach/Application/Home/Controller/IndexController.class.php:43) /Applications/MAMP/htdocs/preach/Application/Home/Controller/IndexController.class.php 第 32 行.
INFO: [ view_parse ] --START--
INFO: [ template_filter ] --START--
INFO: Run Behavior\ContentReplaceBehavior [ RunTime:0.000042s ]
INFO: [ template_filter ] --END-- [ RunTime:0.000110s ]
INFO: Run Behavior\ParseTemplateBehavior [ RunTime:0.019650s ]
INFO: [ view_parse ] --END-- [ RunTime:0.019747s ]
INFO: [ view_filter ] --START--
INFO: Run Behavior\WriteHtmlCacheBehavior [ RunTime:0.001878s ]
INFO: [ view_filter ] --END-- [ RunTime:0.001961s ]
NOTIC: [2] Cannot modify header information - headers already sent by (output started at /Applications/MAMP/htdocs/preach/Application/Home/Controller/IndexController.class.php:43) /Applications/MAMP/htdocs/preach/ThinkPHP/Library/Think/View.class.php 第 91 行.
NOTIC: [2] Cannot modify header information - headers already sent by (output started at /Applications/MAMP/htdocs/preach/Application/Home/Controller/IndexController.class.php:43) /Applications/MAMP/htdocs/preach/ThinkPHP/Library/Think/View.class.php 第 92 行.
NOTIC: [2] Cannot modify header information - headers already sent by (output started at /Applications/MAMP/htdocs/preach/Application/Home/Controller/IndexController.class.php:43) /Applications/MAMP/htdocs/preach/ThinkPHP/Library/Think/View.class.php 第 93 行.
INFO: [ app_end ] --START--
INFO: Run Behavior\ShowPageTraceBehavior [ RunTime:0.003524s ]
INFO: [ app_end ] --END-- [ RunTime:0.003674s ]

[ 2017-04-25T00:54:58+08:00 ] ::1 /preach/index.php/Home/index/test.html
INFO: [ app_init ] --START--
INFO: Run Behavior\BuildLiteBehavior [ RunTime:0.000019s ]
INFO: [ app_init ] --END-- [ RunTime:0.000464s ]
INFO: [ app_begin ] --START--
INFO: Run Behavior\ReadHtmlCacheBehavior [ RunTime:0.000761s ]
INFO: [ app_begin ] --END-- [ RunTime:0.000845s ]
NOTIC: [2048] Declaration of Home\Controller\IndexController::show() should be compatible with Think\Controller::show($content, $charset = '', $contentType = '', $prefix = '') /Applications/MAMP/htdocs/preach/Application/Home/Controller/IndexController.class.php 第 62 行.
NOTIC: [2] Cannot modify header information - headers already sent by (output started at /Applications/MAMP/htdocs/preach/Application/Home/Controller/IndexController.class.php:43) /Applications/MAMP/htdocs/preach/Application/Home/Controller/IndexController.class.php 第 32 行.
INFO: [ view_parse ] --START--
INFO: [ template_filter ] --START--
INFO: Run Behavior\ContentReplaceBehavior [ RunTime:0.000043s ]
INFO: [ template_filter ] --END-- [ RunTime:0.000110s ]
INFO: Run Behavior\ParseTemplateBehavior [ RunTime:0.007305s ]
INFO: [ view_parse ] --END-- [ RunTime:0.007388s ]
INFO: [ view_filter ] --START--
INFO: Run Behavior\WriteHtmlCacheBehavior [ RunTime:0.000170s ]
INFO: [ view_filter ] --END-- [ RunTime:0.000218s ]
NOTIC: [2] Cannot modify header information - headers already sent by (output started at /Applications/MAMP/htdocs/preach/Application/Home/Controller/IndexController.class.php:43) /Applications/MAMP/htdocs/preach/ThinkPHP/Library/Think/View.class.php 第 91 行.
NOTIC: [2] Cannot modify header information - headers already sent by (output started at /Applications/MAMP/htdocs/preach/Application/Home/Controller/IndexController.class.php:43) /Applications/MAMP/htdocs/preach/ThinkPHP/Library/Think/View.class.php 第 92 行.
NOTIC: [2] Cannot modify header information - headers already sent by (output started at /Applications/MAMP/htdocs/preach/Application/Home/Controller/IndexController.class.php:43) /Applications/MAMP/htdocs/preach/ThinkPHP/Library/Think/View.class.php 第 93 行.
INFO: [ app_end ] --START--
INFO: Run Behavior\ShowPageTraceBehavior [ RunTime:0.000480s ]
INFO: [ app_end ] --END-- [ RunTime:0.000529s ]

[ 2017-04-25T00:58:29+08:00 ] ::1 /preach/index.php/Home/index/test.html
INFO: [ app_init ] --START--
INFO: Run Behavior\BuildLiteBehavior [ RunTime:0.000050s ]
INFO: [ app_init ] --END-- [ RunTime:0.004074s ]
INFO: [ app_begin ] --START--
INFO: Run Behavior\ReadHtmlCacheBehavior [ RunTime:0.003919s ]
INFO: [ app_begin ] --END-- [ RunTime:0.004126s ]
NOTIC: [2048] Declaration of Home\Controller\IndexController::show() should be compatible with Think\Controller::show($content, $charset = '', $contentType = '', $prefix = '') /Applications/MAMP/htdocs/preach/Application/Home/Controller/IndexController.class.php 第 62 行.
NOTIC: [2] Cannot modify header information - headers already sent by (output started at /Applications/MAMP/htdocs/preach/Application/Home/Controller/IndexController.class.php:43) /Applications/MAMP/htdocs/preach/Application/Home/Controller/IndexController.class.php 第 32 行.
INFO: [ view_parse ] --START--
INFO: [ template_filter ] --START--
INFO: Run Behavior\ContentReplaceBehavior [ RunTime:0.000078s ]
INFO: [ template_filter ] --END-- [ RunTime:0.000144s ]
INFO: Run Behavior\ParseTemplateBehavior [ RunTime:0.023678s ]
INFO: [ view_parse ] --END-- [ RunTime:0.023758s ]
INFO: [ view_filter ] --START--
INFO: Run Behavior\WriteHtmlCacheBehavior [ RunTime:0.001869s ]
INFO: [ view_filter ] --END-- [ RunTime:0.001939s ]
NOTIC: [2] Cannot modify header information - headers already sent by (output started at /Applications/MAMP/htdocs/preach/Application/Home/Controller/IndexController.class.php:43) /Applications/MAMP/htdocs/preach/ThinkPHP/Library/Think/View.class.php 第 91 行.
NOTIC: [2] Cannot modify header information - headers already sent by (output started at /Applications/MAMP/htdocs/preach/Application/Home/Controller/IndexController.class.php:43) /Applications/MAMP/htdocs/preach/ThinkPHP/Library/Think/View.class.php 第 92 行.
NOTIC: [2] Cannot modify header information - headers already sent by (output started at /Applications/MAMP/htdocs/preach/Application/Home/Controller/IndexController.class.php:43) /Applications/MAMP/htdocs/preach/ThinkPHP/Library/Think/View.class.php 第 93 行.
INFO: [ app_end ] --START--
INFO: Run Behavior\ShowPageTraceBehavior [ RunTime:0.003312s ]
INFO: [ app_end ] --END-- [ RunTime:0.003405s ]

[ 2017-04-25T00:59:05+08:00 ] ::1 /preach/index.php/Home/index/test.html
INFO: [ app_init ] --START--
INFO: Run Behavior\BuildLiteBehavior [ RunTime:0.000051s ]
INFO: [ app_init ] --END-- [ RunTime:0.003865s ]
INFO: [ app_begin ] --START--
INFO: Run Behavior\ReadHtmlCacheBehavior [ RunTime:0.003784s ]
INFO: [ app_begin ] --END-- [ RunTime:0.003946s ]
NOTIC: [2048] Declaration of Home\Controller\IndexController::show() should be compatible with Think\Controller::show($content, $charset = '', $contentType = '', $prefix = '') /Applications/MAMP/htdocs/preach/Application/Home/Controller/IndexController.class.php 第 62 行.
NOTIC: [2] Cannot modify header information - headers already sent by (output started at /Applications/MAMP/htdocs/preach/Application/Home/Controller/IndexController.class.php:43) /Applications/MAMP/htdocs/preach/Application/Home/Controller/IndexController.class.php 第 32 行.
INFO: [ view_parse ] --START--
INFO: [ template_filter ] --START--
INFO: Run Behavior\ContentReplaceBehavior [ RunTime:0.000096s ]
INFO: [ template_filter ] --END-- [ RunTime:0.000181s ]
INFO: Run Behavior\ParseTemplateBehavior [ RunTime:0.025283s ]
INFO: [ view_parse ] --END-- [ RunTime:0.025364s ]
INFO: [ view_filter ] --START--
INFO: Run Behavior\WriteHtmlCacheBehavior [ RunTime:0.001810s ]
INFO: [ view_filter ] --END-- [ RunTime:0.001890s ]
NOTIC: [2] Cannot modify header information - headers already sent by (output started at /Applications/MAMP/htdocs/preach/Application/Home/Controller/IndexController.class.php:43) /Applications/MAMP/htdocs/preach/ThinkPHP/Library/Think/View.class.php 第 91 行.
NOTIC: [2] Cannot modify header information - headers already sent by (output started at /Applications/MAMP/htdocs/preach/Application/Home/Controller/IndexController.class.php:43) /Applications/MAMP/htdocs/preach/ThinkPHP/Library/Think/View.class.php 第 92 行.
NOTIC: [2] Cannot modify header information - headers already sent by (output started at /Applications/MAMP/htdocs/preach/Application/Home/Controller/IndexController.class.php:43) /Applications/MAMP/htdocs/preach/ThinkPHP/Library/Think/View.class.php 第 93 行.
INFO: [ app_end ] --START--
INFO: Run Behavior\ShowPageTraceBehavior [ RunTime:0.004504s ]
INFO: [ app_end ] --END-- [ RunTime:0.004620s ]

[ 2017-04-25T01:00:11+08:00 ] ::1 /preach/index.php/Home/index/test.html
INFO: [ app_init ] --START--
INFO: Run Behavior\BuildLiteBehavior [ RunTime:0.000014s ]
INFO: [ app_init ] --END-- [ RunTime:0.000333s ]
INFO: [ app_begin ] --START--
INFO: Run Behavior\ReadHtmlCacheBehavior [ RunTime:0.000423s ]
INFO: [ app_begin ] --END-- [ RunTime:0.000477s ]
NOTIC: [2048] Declaration of Home\Controller\IndexController::show() should be compatible with Think\Controller::show($content, $charset = '', $contentType = '', $prefix = '') /Applications/MAMP/htdocs/preach/Application/Home/Controller/IndexController.class.php 第 62 行.
NOTIC: [2] Cannot modify header information - headers already sent by (output started at /Applications/MAMP/htdocs/preach/Application/Home/Controller/IndexController.class.php:43) /Applications/MAMP/htdocs/preach/Application/Home/Controller/IndexController.class.php 第 32 行.
INFO: [ view_parse ] --START--
INFO: [ template_filter ] --START--
INFO: Run Behavior\ContentReplaceBehavior [ RunTime:0.000042s ]
INFO: [ template_filter ] --END-- [ RunTime:0.000106s ]
INFO: Run Behavior\ParseTemplateBehavior [ RunTime:0.006906s ]
INFO: [ view_parse ] --END-- [ RunTime:0.006982s ]
INFO: [ view_filter ] --START--
INFO: Run Behavior\WriteHtmlCacheBehavior [ RunTime:0.000146s ]
INFO: [ view_filter ] --END-- [ RunTime:0.000194s ]
NOTIC: [2] Cannot modify header information - headers already sent by (output started at /Applications/MAMP/htdocs/preach/Application/Home/Controller/IndexController.class.php:43) /Applications/MAMP/htdocs/preach/ThinkPHP/Library/Think/View.class.php 第 91 行.
NOTIC: [2] Cannot modify header information - headers already sent by (output started at /Applications/MAMP/htdocs/preach/Application/Home/Controller/IndexController.class.php:43) /Applications/MAMP/htdocs/preach/ThinkPHP/Library/Think/View.class.php 第 92 行.
NOTIC: [2] Cannot modify header information - headers already sent by (output started at /Applications/MAMP/htdocs/preach/Application/Home/Controller/IndexController.class.php:43) /Applications/MAMP/htdocs/preach/ThinkPHP/Library/Think/View.class.php 第 93 行.
INFO: [ app_end ] --START--
INFO: Run Behavior\ShowPageTraceBehavior [ RunTime:0.000469s ]
INFO: [ app_end ] --END-- [ RunTime:0.000519s ]

[ 2017-04-25T01:01:46+08:00 ] ::1 /preach/index.php/Home/index/test.html
INFO: [ app_init ] --START--
INFO: Run Behavior\BuildLiteBehavior [ RunTime:0.000018s ]
INFO: [ app_init ] --END-- [ RunTime:0.000719s ]
INFO: [ app_begin ] --START--
INFO: Run Behavior\ReadHtmlCacheBehavior [ RunTime:0.004383s ]
INFO: [ app_begin ] --END-- [ RunTime:0.004519s ]
NOTIC: [2048] Declaration of Home\Controller\IndexController::show() should be compatible with Think\Controller::show($content, $charset = '', $contentType = '', $prefix = '') /Applications/MAMP/htdocs/preach/Application/Home/Controller/IndexController.class.php 第 62 行.
NOTIC: [2] Cannot modify header information - headers already sent by (output started at /Applications/MAMP/htdocs/preach/Application/Home/Controller/IndexController.class.php:43) /Applications/MAMP/htdocs/preach/Application/Home/Controller/IndexController.class.php 第 32 行.
INFO: [ view_parse ] --START--
INFO: [ template_filter ] --START--
INFO: Run Behavior\ContentReplaceBehavior [ RunTime:0.000049s ]
INFO: [ template_filter ] --END-- [ RunTime:0.000114s ]
INFO: Run Behavior\ParseTemplateBehavior [ RunTime:0.014828s ]
INFO: [ view_parse ] --END-- [ RunTime:0.014907s ]
INFO: [ view_filter ] --START--
INFO: Run Behavior\WriteHtmlCacheBehavior [ RunTime:0.001750s ]
INFO: [ view_filter ] --END-- [ RunTime:0.001827s ]
NOTIC: [2] Cannot modify header information - headers already sent by (output started at /Applications/MAMP/htdocs/preach/Application/Home/Controller/IndexController.class.php:43) /Applications/MAMP/htdocs/preach/ThinkPHP/Library/Think/View.class.php 第 91 行.
NOTIC: [2] Cannot modify header information - headers already sent by (output started at /Applications/MAMP/htdocs/preach/Application/Home/Controller/IndexController.class.php:43) /Applications/MAMP/htdocs/preach/ThinkPHP/Library/Think/View.class.php 第 92 行.
NOTIC: [2] Cannot modify header information - headers already sent by (output started at /Applications/MAMP/htdocs/preach/Application/Home/Controller/IndexController.class.php:43) /Applications/MAMP/htdocs/preach/ThinkPHP/Library/Think/View.class.php 第 93 行.
INFO: [ app_end ] --START--
INFO: Run Behavior\ShowPageTraceBehavior [ RunTime:0.003623s ]
INFO: [ app_end ] --END-- [ RunTime:0.003727s ]

[ 2017-04-25T01:23:14+08:00 ] ::1 /preach/index.php/Home/index/test.html
INFO: [ app_init ] --START--
INFO: Run Behavior\BuildLiteBehavior [ RunTime:0.000049s ]
INFO: [ app_init ] --END-- [ RunTime:0.004029s ]
INFO: [ app_begin ] --START--
INFO: Run Behavior\ReadHtmlCacheBehavior [ RunTime:0.003685s ]
INFO: [ app_begin ] --END-- [ RunTime:0.003838s ]
NOTIC: [2048] Declaration of Home\Controller\IndexController::show() should be compatible with Think\Controller::show($content, $charset = '', $contentType = '', $prefix = '') /Applications/MAMP/htdocs/preach/Application/Home/Controller/IndexController.class.php 第 60 行.
NOTIC: [2] imagejpeg(./Public/cache/1493054594.jpg): failed to open stream: No such file or directory /Applications/MAMP/htdocs/preach/Application/Home/Controller/IndexController.class.php 第 34 行.
INFO: [ view_parse ] --START--
INFO: [ template_filter ] --START--
INFO: Run Behavior\ContentReplaceBehavior [ RunTime:0.000068s ]
INFO: [ template_filter ] --END-- [ RunTime:0.000270s ]
INFO: Run Behavior\ParseTemplateBehavior [ RunTime:0.025841s ]
INFO: [ view_parse ] --END-- [ RunTime:0.025983s ]
INFO: [ view_filter ] --START--
INFO: Run Behavior\WriteHtmlCacheBehavior [ RunTime:0.000471s ]
INFO: [ view_filter ] --END-- [ RunTime:0.000549s ]
INFO: [ app_end ] --START--
INFO: Run Behavior\ShowPageTraceBehavior [ RunTime:0.003803s ]
INFO: [ app_end ] --END-- [ RunTime:0.003893s ]

[ 2017-04-25T01:23:43+08:00 ] ::1 /preach/index.php/Home/index/test.html
INFO: [ app_init ] --START--
INFO: Run Behavior\BuildLiteBehavior [ RunTime:0.000018s ]
INFO: [ app_init ] --END-- [ RunTime:0.000638s ]
INFO: [ app_begin ] --START--
INFO: Run Behavior\ReadHtmlCacheBehavior [ RunTime:0.001032s ]
INFO: [ app_begin ] --END-- [ RunTime:0.001130s ]
NOTIC: [2048] Declaration of Home\Controller\IndexController::show() should be compatible with Think\Controller::show($content, $charset = '', $contentType = '', $prefix = '') /Applications/MAMP/htdocs/preach/Application/Home/Controller/IndexController.class.php 第 60 行.
INFO: [ view_parse ] --START--
INFO: [ template_filter ] --START--
INFO: Run Behavior\ContentReplaceBehavior [ RunTime:0.000079s ]
INFO: [ template_filter ] --END-- [ RunTime:0.000191s ]
INFO: Run Behavior\ParseTemplateBehavior [ RunTime:0.009447s ]
INFO: [ view_parse ] --END-- [ RunTime:0.009548s ]
INFO: [ view_filter ] --START--
INFO: Run Behavior\WriteHtmlCacheBehavior [ RunTime:0.000273s ]
INFO: [ view_filter ] --END-- [ RunTime:0.000348s ]
INFO: [ app_end ] --START--
INFO: Run Behavior\ShowPageTraceBehavior [ RunTime:0.001082s ]
INFO: [ app_end ] --END-- [ RunTime:0.001166s ]

[ 2017-04-25T12:16:50+08:00 ] ::1 /preach/
INFO: [ app_init ] --START--
INFO: Run Behavior\BuildLiteBehavior [ RunTime:0.000051s ]
INFO: [ app_init ] --END-- [ RunTime:0.010454s ]
INFO: [ app_begin ] --START--
INFO: Run Behavior\ReadHtmlCacheBehavior [ RunTime:0.004434s ]
INFO: [ app_begin ] --END-- [ RunTime:0.004597s ]
NOTIC: [2048] Declaration of Home\Controller\IndexController::show() should be compatible with Think\Controller::show($content, $charset = '', $contentType = '', $prefix = '') /Applications/MAMP/htdocs/preach/Application/Home/Controller/IndexController.class.php 第 60 行.
INFO: [ view_parse ] --START--
INFO: [ template_filter ] --START--
INFO: Run Behavior\ContentReplaceBehavior [ RunTime:0.003885s ]
INFO: [ template_filter ] --END-- [ RunTime:0.004035s ]
INFO: Run Behavior\ParseTemplateBehavior [ RunTime:0.087508s ]
INFO: [ view_parse ] --END-- [ RunTime:0.087632s ]
INFO: [ view_filter ] --START--
INFO: Run Behavior\WriteHtmlCacheBehavior [ RunTime:0.006219s ]
INFO: [ view_filter ] --END-- [ RunTime:0.006353s ]
NOTIC: [2] imagedestroy() expects parameter 1 to be resource, null given /Applications/MAMP/htdocs/preach/Application/Home/Controller/IndexController.class.php 第 50 行.
INFO: [ app_end ] --START--
INFO: Run Behavior\ShowPageTraceBehavior [ RunTime:0.015856s ]
INFO: [ app_end ] --END-- [ RunTime:0.016034s ]

[ 2017-04-25T12:16:50+08:00 ] ::1 /preach/
INFO: [ app_init ] --START--
INFO: Run Behavior\BuildLiteBehavior [ RunTime:0.000036s ]
INFO: [ app_init ] --END-- [ RunTime:0.000758s ]
INFO: [ app_begin ] --START--
INFO: Run Behavior\ReadHtmlCacheBehavior [ RunTime:0.000623s ]
INFO: [ app_begin ] --END-- [ RunTime:0.000693s ]
NOTIC: [2048] Declaration of Home\Controller\IndexController::show() should be compatible with Think\Controller::show($content, $charset = '', $contentType = '', $prefix = '') /Applications/MAMP/htdocs/preach/Application/Home/Controller/IndexController.class.php 第 60 行.
INFO: [ view_parse ] --START--
INFO: [ template_filter ] --START--
INFO: Run Behavior\ContentReplaceBehavior [ RunTime:0.000077s ]
INFO: [ template_filter ] --END-- [ RunTime:0.000144s ]
INFO: Run Behavior\ParseTemplateBehavior [ RunTime:0.014949s ]
INFO: [ view_parse ] --END-- [ RunTime:0.015024s ]
INFO: [ view_filter ] --START--
INFO: Run Behavior\WriteHtmlCacheBehavior [ RunTime:0.000173s ]
INFO: [ view_filter ] --END-- [ RunTime:0.000218s ]
NOTIC: [2] imagedestroy() expects parameter 1 to be resource, null given /Applications/MAMP/htdocs/preach/Application/Home/Controller/IndexController.class.php 第 50 行.
INFO: [ app_end ] --START--
INFO: Run Behavior\ShowPageTraceBehavior [ RunTime:0.002650s ]
INFO: [ app_end ] --END-- [ RunTime:0.002767s ]

[ 2017-04-25T12:16:57+08:00 ] ::1 /preach/index.php/Home/index/test.html
INFO: [ app_init ] --START--
INFO: Run Behavior\BuildLiteBehavior [ RunTime:0.000045s ]
INFO: [ app_init ] --END-- [ RunTime:0.001424s ]
INFO: [ app_begin ] --START--
INFO: Run Behavior\ReadHtmlCacheBehavior [ RunTime:0.001107s ]
INFO: [ app_begin ] --END-- [ RunTime:0.001236s ]
NOTIC: [2048] Declaration of Home\Controller\IndexController::show() should be compatible with Think\Controller::show($content, $charset = '', $contentType = '', $prefix = '') /Applications/MAMP/htdocs/preach/Application/Home/Controller/IndexController.class.php 第 60 行.
INFO: [ view_parse ] --START--
INFO: [ template_filter ] --START--
INFO: Run Behavior\ContentReplaceBehavior [ RunTime:0.000081s ]
INFO: [ template_filter ] --END-- [ RunTime:0.000157s ]
INFO: Run Behavior\ParseTemplateBehavior [ RunTime:0.010577s ]
INFO: [ view_parse ] --END-- [ RunTime:0.010664s ]
INFO: [ view_filter ] --START--
INFO: Run Behavior\WriteHtmlCacheBehavior [ RunTime:0.000189s ]
INFO: [ view_filter ] --END-- [ RunTime:0.000236s ]
INFO: [ app_end ] --START--
INFO: Run Behavior\ShowPageTraceBehavior [ RunTime:0.000564s ]
INFO: [ app_end ] --END-- [ RunTime:0.000622s ]

[ 2017-04-25T12:18:08+08:00 ] ::1 /preach/
INFO: [ app_init ] --START--
INFO: Run Behavior\BuildLiteBehavior [ RunTime:0.000044s ]
INFO: [ app_init ] --END-- [ RunTime:0.001966s ]
INFO: [ app_begin ] --START--
INFO: Run Behavior\ReadHtmlCacheBehavior [ RunTime:0.001584s ]
INFO: [ app_begin ] --END-- [ RunTime:0.001681s ]
NOTIC: [2048] Declaration of Home\Controller\IndexController::show() should be compatible with Think\Controller::show($content, $charset = '', $contentType = '', $prefix = '') /Applications/MAMP/htdocs/preach/Application/Home/Controller/IndexController.class.php 第 60 行.
INFO: [ view_parse ] --START--
INFO: [ template_filter ] --START--
INFO: Run Behavior\ContentReplaceBehavior [ RunTime:0.000133s ]
INFO: [ template_filter ] --END-- [ RunTime:0.000234s ]
INFO: Run Behavior\ParseTemplateBehavior [ RunTime:0.013549s ]
INFO: [ view_parse ] --END-- [ RunTime:0.013628s ]
INFO: [ view_filter ] --START--
INFO: Run Behavior\WriteHtmlCacheBehavior [ RunTime:0.000205s ]
INFO: [ view_filter ] --END-- [ RunTime:0.000263s ]
NOTIC: [2] imagedestroy() expects parameter 1 to be resource, null given /Applications/MAMP/htdocs/preach/Application/Home/Controller/IndexController.class.php 第 50 行.
INFO: [ app_end ] --START--
INFO: Run Behavior\ShowPageTraceBehavior [ RunTime:0.000604s ]
INFO: [ app_end ] --END-- [ RunTime:0.000674s ]

[ 2017-04-25T12:18:12+08:00 ] ::1 /preach/index.php/Home/index/test.html
INFO: [ app_init ] --START--
INFO: Run Behavior\BuildLiteBehavior [ RunTime:0.000024s ]
INFO: [ app_init ] --END-- [ RunTime:0.000431s ]
INFO: [ app_begin ] --START--
INFO: Run Behavior\ReadHtmlCacheBehavior [ RunTime:0.001846s ]
INFO: [ app_begin ] --END-- [ RunTime:0.001953s ]
NOTIC: [2048] Declaration of Home\Controller\IndexController::show() should be compatible with Think\Controller::show($content, $charset = '', $contentType = '', $prefix = '') /Applications/MAMP/htdocs/preach/Application/Home/Controller/IndexController.class.php 第 60 行.
INFO: [ view_parse ] --START--
INFO: [ template_filter ] --START--
INFO: Run Behavior\ContentReplaceBehavior [ RunTime:0.000046s ]
INFO: [ template_filter ] --END-- [ RunTime:0.000113s ]
INFO: Run Behavior\ParseTemplateBehavior [ RunTime:0.006844s ]
INFO: [ view_parse ] --END-- [ RunTime:0.006912s ]
INFO: [ view_filter ] --START--
INFO: Run Behavior\WriteHtmlCacheBehavior [ RunTime:0.000144s ]
INFO: [ view_filter ] --END-- [ RunTime:0.000186s ]
INFO: [ app_end ] --START--
INFO: Run Behavior\ShowPageTraceBehavior [ RunTime:0.000479s ]
INFO: [ app_end ] --END-- [ RunTime:0.000534s ]

[ 2017-04-25T12:26:31+08:00 ] ::1 /preach/
INFO: [ app_init ] --START--
INFO: Run Behavior\BuildLiteBehavior [ RunTime:0.000055s ]
INFO: [ app_init ] --END-- [ RunTime:0.000799s ]
INFO: [ app_begin ] --START--
INFO: Run Behavior\ReadHtmlCacheBehavior [ RunTime:0.000599s ]
INFO: [ app_begin ] --END-- [ RunTime:0.000676s ]
NOTIC: [2048] Declaration of Home\Controller\IndexController::show() should be compatible with Think\Controller::show($content, $charset = '', $contentType = '', $prefix = '') /Applications/MAMP/htdocs/preach/Application/Home/Controller/IndexController.class.php 第 61 行.
INFO: [ view_parse ] --START--
INFO: [ template_filter ] --START--
INFO: Run Behavior\ContentReplaceBehavior [ RunTime:0.000092s ]
INFO: [ template_filter ] --END-- [ RunTime:0.000167s ]
INFO: Run Behavior\ParseTemplateBehavior [ RunTime:0.011416s ]
INFO: [ view_parse ] --END-- [ RunTime:0.011491s ]
INFO: [ view_filter ] --START--
INFO: Run Behavior\WriteHtmlCacheBehavior [ RunTime:0.000213s ]
INFO: [ view_filter ] --END-- [ RunTime:0.000266s ]
NOTIC: [2] imagedestroy() expects parameter 1 to be resource, null given /Applications/MAMP/htdocs/preach/Application/Home/Controller/IndexController.class.php 第 51 行.
INFO: [ app_end ] --START--
INFO: Run Behavior\ShowPageTraceBehavior [ RunTime:0.000611s ]
INFO: [ app_end ] --END-- [ RunTime:0.000678s ]

[ 2017-04-25T12:26:31+08:00 ] ::1 /preach/
INFO: [ app_init ] --START--
INFO: Run Behavior\BuildLiteBehavior [ RunTime:0.000016s ]
INFO: [ app_init ] --END-- [ RunTime:0.000367s ]
INFO: [ app_begin ] --START--
INFO: Run Behavior\ReadHtmlCacheBehavior [ RunTime:0.000488s ]
INFO: [ app_begin ] --END-- [ RunTime:0.000550s ]
NOTIC: [2048] Declaration of Home\Controller\IndexController::show() should be compatible with Think\Controller::show($content, $charset = '', $contentType = '', $prefix = '') /Applications/MAMP/htdocs/preach/Application/Home/Controller/IndexController.class.php 第 61 行.
INFO: [ view_parse ] --START--
INFO: [ template_filter ] --START--
INFO: Run Behavior\ContentReplaceBehavior [ RunTime:0.000064s ]
INFO: [ template_filter ] --END-- [ RunTime:0.000162s ]
INFO: Run Behavior\ParseTemplateBehavior [ RunTime:0.015061s ]
INFO: [ view_parse ] --END-- [ RunTime:0.015130s ]
INFO: [ view_filter ] --START--
INFO: Run Behavior\WriteHtmlCacheBehavior [ RunTime:0.000278s ]
INFO: [ view_filter ] --END-- [ RunTime:0.000385s ]
NOTIC: [2] imagedestroy() expects parameter 1 to be resource, null given /Applications/MAMP/htdocs/preach/Application/Home/Controller/IndexController.class.php 第 51 行.
INFO: [ app_end ] --START--
INFO: Run Behavior\ShowPageTraceBehavior [ RunTime:0.000620s ]
INFO: [ app_end ] --END-- [ RunTime:0.000694s ]

[ 2017-04-25T12:26:34+08:00 ] ::1 /preach/index.php/Home/index/test.html
INFO: [ app_init ] --START--
INFO: Run Behavior\BuildLiteBehavior [ RunTime:0.000076s ]
INFO: [ app_init ] --END-- [ RunTime:0.000709s ]
INFO: [ app_begin ] --START--
INFO: Run Behavior\ReadHtmlCacheBehavior [ RunTime:0.000669s ]
INFO: [ app_begin ] --END-- [ RunTime:0.000758s ]
NOTIC: [2048] Declaration of Home\Controller\IndexController::show() should be compatible with Think\Controller::show($content, $charset = '', $contentType = '', $prefix = '') /Applications/MAMP/htdocs/preach/Application/Home/Controller/IndexController.class.php 第 61 行.
INFO: [ view_parse ] --START--
INFO: [ template_filter ] --START--
INFO: Run Behavior\ContentReplaceBehavior [ RunTime:0.000046s ]
INFO: [ template_filter ] --END-- [ RunTime:0.000114s ]
INFO: Run Behavior\ParseTemplateBehavior [ RunTime:0.007143s ]
INFO: [ view_parse ] --END-- [ RunTime:0.007217s ]
INFO: [ view_filter ] --START--
INFO: Run Behavior\WriteHtmlCacheBehavior [ RunTime:0.000160s ]
INFO: [ view_filter ] --END-- [ RunTime:0.000208s ]
INFO: [ app_end ] --START--
INFO: Run Behavior\ShowPageTraceBehavior [ RunTime:0.000513s ]
INFO: [ app_end ] --END-- [ RunTime:0.000567s ]

[ 2017-04-25T12:26:44+08:00 ] ::1 /preach/index.php/Home/index/test.html
INFO: [ app_init ] --START--
INFO: Run Behavior\BuildLiteBehavior [ RunTime:0.000028s ]
INFO: [ app_init ] --END-- [ RunTime:0.000895s ]
INFO: [ app_begin ] --START--
INFO: Run Behavior\ReadHtmlCacheBehavior [ RunTime:0.002222s ]
INFO: [ app_begin ] --END-- [ RunTime:0.002446s ]
NOTIC: [2048] Declaration of Home\Controller\IndexController::show() should be compatible with Think\Controller::show($content, $charset = '', $contentType = '', $prefix = '') /Applications/MAMP/htdocs/preach/Application/Home/Controller/IndexController.class.php 第 61 行.
INFO: [ view_parse ] --START--
INFO: [ template_filter ] --START--
INFO: Run Behavior\ContentReplaceBehavior [ RunTime:0.000082s ]
INFO: [ template_filter ] --END-- [ RunTime:0.000162s ]
INFO: Run Behavior\ParseTemplateBehavior [ RunTime:0.028597s ]
INFO: [ view_parse ] --END-- [ RunTime:0.028714s ]
INFO: [ view_filter ] --START--
INFO: Run Behavior\WriteHtmlCacheBehavior [ RunTime:0.000391s ]
INFO: [ view_filter ] --END-- [ RunTime:0.000492s ]
INFO: [ app_end ] --START--
INFO: Run Behavior\ShowPageTraceBehavior [ RunTime:0.000690s ]
INFO: [ app_end ] --END-- [ RunTime:0.000782s ]

[ 2017-04-25T12:32:08+08:00 ] ::1 /preach/
INFO: [ app_init ] --START--
INFO: Run Behavior\BuildLiteBehavior [ RunTime:0.000051s ]
INFO: [ app_init ] --END-- [ RunTime:0.001083s ]
INFO: [ app_begin ] --START--
INFO: Run Behavior\ReadHtmlCacheBehavior [ RunTime:0.000596s ]
INFO: [ app_begin ] --END-- [ RunTime:0.000678s ]
NOTIC: [2048] Declaration of Home\Controller\IndexController::show() should be compatible with Think\Controller::show($content, $charset = '', $contentType = '', $prefix = '') /Applications/MAMP/htdocs/preach/Application/Home/Controller/IndexController.class.php 第 61 行.
INFO: [ view_parse ] --START--
INFO: [ template_filter ] --START--
INFO: Run Behavior\ContentReplaceBehavior [ RunTime:0.000153s ]
INFO: [ template_filter ] --END-- [ RunTime:0.000338s ]
INFO: Run Behavior\ParseTemplateBehavior [ RunTime:0.018462s ]
INFO: [ view_parse ] --END-- [ RunTime:0.018591s ]
INFO: [ view_filter ] --START--
INFO: Run Behavior\WriteHtmlCacheBehavior [ RunTime:0.000268s ]
INFO: [ view_filter ] --END-- [ RunTime:0.000316s ]
NOTIC: [2] imagedestroy() expects parameter 1 to be resource, null given /Applications/MAMP/htdocs/preach/Application/Home/Controller/IndexController.class.php 第 51 行.
INFO: [ app_end ] --START--
INFO: Run Behavior\ShowPageTraceBehavior [ RunTime:0.001319s ]
INFO: [ app_end ] --END-- [ RunTime:0.001396s ]

[ 2017-04-25T12:32:12+08:00 ] ::1 /preach/index.php/Home/index/test.html
INFO: [ app_init ] --START--
INFO: Run Behavior\BuildLiteBehavior [ RunTime:0.000020s ]
INFO: [ app_init ] --END-- [ RunTime:0.000482s ]
INFO: [ app_begin ] --START--
INFO: Run Behavior\ReadHtmlCacheBehavior [ RunTime:0.000645s ]
INFO: [ app_begin ] --END-- [ RunTime:0.000903s ]
NOTIC: [2048] Declaration of Home\Controller\IndexController::show() should be compatible with Think\Controller::show($content, $charset = '', $contentType = '', $prefix = '') /Applications/MAMP/htdocs/preach/Application/Home/Controller/IndexController.class.php 第 61 行.
INFO: [ view_parse ] --START--
INFO: [ template_filter ] --START--
INFO: Run Behavior\ContentReplaceBehavior [ RunTime:0.000089s ]
INFO: [ template_filter ] --END-- [ RunTime:0.000230s ]
INFO: Run Behavior\ParseTemplateBehavior [ RunTime:0.007663s ]
INFO: [ view_parse ] --END-- [ RunTime:0.007750s ]
INFO: [ view_filter ] --START--
INFO: Run Behavior\WriteHtmlCacheBehavior [ RunTime:0.000199s ]
INFO: [ view_filter ] --END-- [ RunTime:0.000259s ]
INFO: [ app_end ] --START--
INFO: Run Behavior\ShowPageTraceBehavior [ RunTime:0.000693s ]
INFO: [ app_end ] --END-- [ RunTime:0.000777s ]

[ 2017-04-25T12:32:16+08:00 ] ::1 /preach/index.php/Home/index/test.html
INFO: [ app_init ] --START--
INFO: Run Behavior\BuildLiteBehavior [ RunTime:0.000025s ]
INFO: [ app_init ] --END-- [ RunTime:0.000721s ]
INFO: [ app_begin ] --START--
INFO: Run Behavior\ReadHtmlCacheBehavior [ RunTime:0.001537s ]
INFO: [ app_begin ] --END-- [ RunTime:0.001701s ]
NOTIC: [2048] Declaration of Home\Controller\IndexController::show() should be compatible with Think\Controller::show($content, $charset = '', $contentType = '', $prefix = '') /Applications/MAMP/htdocs/preach/Application/Home/Controller/IndexController.class.php 第 61 行.
INFO: [ view_parse ] --START--
INFO: [ template_filter ] --START--
INFO: Run Behavior\ContentReplaceBehavior [ RunTime:0.000042s ]
INFO: [ template_filter ] --END-- [ RunTime:0.000112s ]
INFO: Run Behavior\ParseTemplateBehavior [ RunTime:0.007271s ]
INFO: [ view_parse ] --END-- [ RunTime:0.007339s ]
INFO: [ view_filter ] --START--
INFO: Run Behavior\WriteHtmlCacheBehavior [ RunTime:0.000147s ]
INFO: [ view_filter ] --END-- [ RunTime:0.000194s ]
INFO: [ app_end ] --START--
INFO: Run Behavior\ShowPageTraceBehavior [ RunTime:0.000473s ]
INFO: [ app_end ] --END-- [ RunTime:0.000525s ]

[ 2017-04-25T12:36:04+08:00 ] ::1 /preach/
INFO: [ app_init ] --START--
INFO: Run Behavior\BuildLiteBehavior [ RunTime:0.000105s ]
INFO: [ app_init ] --END-- [ RunTime:0.004100s ]
INFO: [ app_begin ] --START--
INFO: Run Behavior\ReadHtmlCacheBehavior [ RunTime:0.004241s ]
INFO: [ app_begin ] --END-- [ RunTime:0.004354s ]
NOTIC: [2048] Declaration of Home\Controller\IndexController::show() should be compatible with Think\Controller::show($content, $charset = '', $contentType = '', $prefix = '') /Applications/MAMP/htdocs/preach/Application/Home/Controller/IndexController.class.php 第 61 行.
INFO: [ view_parse ] --START--
INFO: [ template_filter ] --START--
INFO: Run Behavior\ContentReplaceBehavior [ RunTime:0.000089s ]
INFO: [ template_filter ] --END-- [ RunTime:0.000290s ]
INFO: Run Behavior\ParseTemplateBehavior [ RunTime:0.021299s ]
INFO: [ view_parse ] --END-- [ RunTime:0.021373s ]
INFO: [ view_filter ] --START--
INFO: Run Behavior\WriteHtmlCacheBehavior [ RunTime:0.001781s ]
INFO: [ view_filter ] --END-- [ RunTime:0.001862s ]
NOTIC: [2] imagedestroy() expects parameter 1 to be resource, null given /Applications/MAMP/htdocs/preach/Application/Home/Controller/IndexController.class.php 第 51 行.
INFO: [ app_end ] --START--
INFO: Run Behavior\ShowPageTraceBehavior [ RunTime:0.004230s ]
INFO: [ app_end ] --END-- [ RunTime:0.004320s ]

[ 2017-04-25T12:36:08+08:00 ] ::1 /preach/index.php/Home/index/test.html
INFO: [ app_init ] --START--
INFO: Run Behavior\BuildLiteBehavior [ RunTime:0.000035s ]
INFO: [ app_init ] --END-- [ RunTime:0.000539s ]
INFO: [ app_begin ] --START--
INFO: Run Behavior\ReadHtmlCacheBehavior [ RunTime:0.000559s ]
INFO: [ app_begin ] --END-- [ RunTime:0.000657s ]
NOTIC: [2048] Declaration of Home\Controller\IndexController::show() should be compatible with Think\Controller::show($content, $charset = '', $contentType = '', $prefix = '') /Applications/MAMP/htdocs/preach/Application/Home/Controller/IndexController.class.php 第 61 行.
INFO: [ view_parse ] --START--
INFO: [ template_filter ] --START--
INFO: Run Behavior\ContentReplaceBehavior [ RunTime:0.000047s ]
INFO: [ template_filter ] --END-- [ RunTime:0.000126s ]
INFO: Run Behavior\ParseTemplateBehavior [ RunTime:0.032155s ]
INFO: [ view_parse ] --END-- [ RunTime:0.032312s ]
INFO: [ view_filter ] --START--
INFO: Run Behavior\WriteHtmlCacheBehavior [ RunTime:0.000188s ]
INFO: [ view_filter ] --END-- [ RunTime:0.000241s ]
INFO: [ app_end ] --START--
INFO: Run Behavior\ShowPageTraceBehavior [ RunTime:0.000933s ]
INFO: [ app_end ] --END-- [ RunTime:0.001018s ]

[ 2017-04-25T12:38:59+08:00 ] ::1 /preach/index.php/Home/index/test.html
INFO: [ app_init ] --START--
INFO: Run Behavior\BuildLiteBehavior [ RunTime:0.000026s ]
INFO: [ app_init ] --END-- [ RunTime:0.003924s ]
INFO: [ app_begin ] --START--
INFO: Run Behavior\ReadHtmlCacheBehavior [ RunTime:0.004037s ]
INFO: [ app_begin ] --END-- [ RunTime:0.004206s ]
NOTIC: [2048] Declaration of Home\Controller\IndexController::show() should be compatible with Think\Controller::show($content, $charset = '', $contentType = '', $prefix = '') /Applications/MAMP/htdocs/preach/Application/Home/Controller/IndexController.class.php 第 61 行.
INFO: [ view_parse ] --START--
INFO: [ template_filter ] --START--
INFO: Run Behavior\ContentReplaceBehavior [ RunTime:0.000044s ]
INFO: [ template_filter ] --END-- [ RunTime:0.000114s ]
INFO: Run Behavior\ParseTemplateBehavior [ RunTime:0.018089s ]
INFO: [ view_parse ] --END-- [ RunTime:0.018157s ]
INFO: [ view_filter ] --START--
INFO: Run Behavior\WriteHtmlCacheBehavior [ RunTime:0.001860s ]
INFO: [ view_filter ] --END-- [ RunTime:0.001940s ]
INFO: [ app_end ] --START--
INFO: Run Behavior\ShowPageTraceBehavior [ RunTime:0.003645s ]
INFO: [ app_end ] --END-- [ RunTime:0.003745s ]

